2024-09-02T06:42:45+00:00 DEBUG Tt4b_Pixel_Class::inject_view_content_event: hit ViewContent
2024-09-02T06:42:45+00:00 DEBUG Tt4b_Pixel_Class::inject_view_content_event: Missing option "access_token"
2024-09-02T06:53:45+00:00 DEBUG Tt4b_Pixel_Class::inject_view_content_event: hit ViewContent
2024-09-02T06:53:45+00:00 DEBUG Tt4b_Pixel_Class::inject_view_content_event: Missing option "access_token"
2024-09-02T07:12:54+00:00 DEBUG Tt4b_Pixel_Class::inject_view_content_event: hit ViewContent
2024-09-02T07:12:54+00:00 DEBUG Tt4b_Pixel_Class::inject_view_content_event: Missing option "access_token"
2024-09-02T10:10:05+00:00 DEBUG Tt4b_Pixel_Class::inject_view_content_event: hit ViewContent
2024-09-02T10:10:05+00:00 DEBUG Tt4b_Pixel_Class::inject_view_content_event: Missing option "access_token"
2024-09-02T10:15:36+00:00 DEBUG Tt4b_Pixel_Class::inject_view_content_event: hit ViewContent
2024-09-02T10:15:36+00:00 DEBUG Tt4b_Pixel_Class::inject_view_content_event: Missing option "access_token"
2024-09-02T13:32:14+00:00 DEBUG Tt4b_Pixel_Class::inject_view_content_event: hit ViewContent
2024-09-02T13:32:14+00:00 DEBUG Tt4b_Pixel_Class::inject_view_content_event: Missing option "access_token"
2024-09-02T13:35:50+00:00 DEBUG Tt4b_Pixel_Class::inject_view_content_event: hit ViewContent
2024-09-02T13:35:50+00:00 DEBUG Tt4b_Pixel_Class::inject_view_content_event: Missing option "access_token"
2024-09-02T13:37:46+00:00 DEBUG Tt4b_Pixel_Class::inject_view_content_event: hit ViewContent
2024-09-02T13:37:46+00:00 DEBUG Tt4b_Pixel_Class::inject_view_content_event: Missing option "access_token"
2024-09-02T13:43:39+00:00 DEBUG Tt4b_Pixel_Class::inject_view_content_event: hit ViewContent
2024-09-02T13:43:39+00:00 DEBUG Tt4b_Pixel_Class::inject_view_content_event: Missing option "access_token"
2024-09-02T14:39:10+00:00 DEBUG Tt4b_Pixel_Class::inject_view_content_event: hit ViewContent
2024-09-02T14:39:10+00:00 DEBUG Tt4b_Pixel_Class::inject_view_content_event: Missing option "access_token"
2024-09-02T14:45:57+00:00 DEBUG Tt4b_Pixel_Class::inject_view_content_event: hit ViewContent
2024-09-02T14:45:57+00:00 DEBUG Tt4b_Pixel_Class::inject_view_content_event: Missing option "access_token"
2024-09-02T14:46:01+00:00 DEBUG Tt4b_Pixel_Class::inject_add_to_cart_event: hit AddToCart
2024-09-02T14:46:01+00:00 DEBUG Tt4b_Pixel_Class::inject_add_to_cart_event: Missing option "access_token"
2024-09-02T14:46:01+00:00 DEBUG Tt4b_Pixel_Class::inject_view_content_event: hit ViewContent
2024-09-02T14:46:01+00:00 DEBUG Tt4b_Pixel_Class::inject_view_content_event: Missing option "access_token"
2024-09-02T14:46:59+00:00 DEBUG Tt4b_Pixel_Class::inject_view_content_event: hit ViewContent
2024-09-02T14:46:59+00:00 DEBUG Tt4b_Pixel_Class::inject_view_content_event: Missing option "access_token"
2024-09-02T14:55:28+00:00 DEBUG Tt4b_Pixel_Class::inject_view_content_event: hit ViewContent
2024-09-02T14:55:28+00:00 DEBUG Tt4b_Pixel_Class::inject_view_content_event: Missing option "access_token"
2024-09-02T15:18:32+00:00 DEBUG Tt4b_Pixel_Class::inject_add_to_cart_event: hit AddToCart
2024-09-02T15:18:32+00:00 DEBUG Tt4b_Pixel_Class::inject_add_to_cart_event: Missing option "access_token"
2024-09-02T16:38:14+00:00 DEBUG POST: https://business-api.tiktok.com/tbp/v2.0/business_profile/disconnect?external_data=

{"business_platform":"WOO_COMMERCE","external_business_id":"tt4b_woocommerce_66d2d86c1f17a"}
 ajax: no
2024-09-02T16:38:14+00:00 DEBUG Tt4b_Mapi_Class::tbp_post: Response: 

HTTP/1.1 200 OK
Content-Type: application/json; charset=utf-8
Content-Length: 95
X-Api-Deprecation-Info: API for Business Version 1.3 is now live. To avoid disruption to your business, we recommend you migrate all calls to v1.3 as soon as possible. Please visit our migration guide for more details: https://ads.tiktok.com/marketing_api/docs?id=1740029169927169
X-Domain-Change-Info: We have moved to the new domain business-api.tiktok.com for API services after the Platform Upgrade on 09/30/2021. Please update all of your requests with the new domain if you haven't done so already. For more information, please visit https://ads.tiktok.com/marketing_api/docs?rid=esb88xalm6m&id=1709207085043713
X-Tt-Logid: 20240902163813FD3089BBD7438B21A8B6
x-tt-trace-host: 011ef2da26d889e1e0beef83a7d9e5059bc015acdcf28c7a83cee6c2d8e2be2148972c5780f3f87b4c611894b9f8b035de2ca1369f0cd19bc8b21c57c552c904be64a940dcd17b10ee3ddccf1369929ac054ec78cb1bb3825973a585d146e496f1ebb3313b7baba92da009aaea5e41489f
x-tt-trace-id: 00-240902163813FD3089BBD7438B21A8B6-3C2F608C611CB1E5-00
Server: TLB
X-Origin-Response-Time: 14,23.211.140.117
X-Akamai-Request-ID: 6957a52.3b999e97
Expires: Mon, 02 Sep 2024 16:38:14 GMT
Cache-Control: max-age=0, no-cache, no-store
Pragma: no-cache
Date: Mon, 02 Sep 2024 16:38:14 GMT
X-Cache: TCP_MISS from a23-72-227-133.deploy.akamaitechnologies.com (AkamaiGHost/11.6.2.1-58476858) (-)
Connection: close
X-Cache-Remote: TCP_MISS from a23-211-140-117.deploy.akamaitechnologies.com (AkamaiGHost/11.6.2.1-58476858) (-)
x-tt-trace-tag: id=16;cdn-cache=miss;type=dyn
Server-Timing: cdn-cache; desc=MISS, edge; dur=156, origin; dur=14
Server-Timing: inner; dur=10
X-Parent-Response-Time: 170,23.72.227.133

{"code":40001,"message":"Permission denied.","request_id":"20240902163813FD3089BBD7438B21A8B6"}

2024-09-02T16:38:14+00:00 DEBUG POST: https://business-api.tiktok.com/tbp/v2.0/shop/connection/disconnect?external_data=

--- EMPTY STRING ---
 ajax: no
2024-09-02T16:38:15+00:00 DEBUG Tt4b_Mapi_Class::tts_shop_disconnect: Response: 

HTTP/1.1 200 OK
Content-Type: application/json; charset=utf-8
Content-Length: 95
X-Api-Deprecation-Info: API for Business Version 1.3 is now live. To avoid disruption to your business, we recommend you migrate all calls to v1.3 as soon as possible. Please visit our migration guide for more details: https://ads.tiktok.com/marketing_api/docs?id=1740029169927169
X-Domain-Change-Info: We have moved to the new domain business-api.tiktok.com for API services after the Platform Upgrade on 09/30/2021. Please update all of your requests with the new domain if you haven't done so already. For more information, please visit https://ads.tiktok.com/marketing_api/docs?rid=esb88xalm6m&id=1709207085043713
X-Tt-Logid: 202409021638138E0B7250546AC124C623
Server-Timing: inner; dur=18
x-tt-trace-host: 011ef2da26d889e1e0beef83a7d9e5059b5d8c71b0d6e410073ba02e796fb94d9f8389e3d0536c600561c8d9e60ef5b7904a520b67bcbeadcf28c8dae9a091800b25ef85aaabefa8891f6c382cabc2010e6b5a967dc7642e14b16c77a422cd1645
x-tt-trace-id: 00-2409021638138E0B7250546AC124C623-6BD0582F045C41A3-00
Server: TLB
Expires: Mon, 02 Sep 2024 16:38:15 GMT
Cache-Control: max-age=0, no-cache, no-store
Pragma: no-cache
Date: Mon, 02 Sep 2024 16:38:15 GMT
X-Cache: TCP_MISS from a23-72-227-133.deploy.akamaitechnologies.com (AkamaiGHost/11.6.2.1-58476858) (-)
Connection: close
x-tt-trace-tag: id=16;cdn-cache=miss;type=dyn
Server-Timing: cdn-cache; desc=MISS, edge; dur=2, origin; dur=172
X-Origin-Response-Time: 172,23.72.227.133
X-Akamai-Request-ID: 3b99a13a

{"code":40001,"message":"Permission denied.","request_id":"202409021638138E0B7250546AC124C623"}

